#-----------------------------------------------------------
# Vivado v2018.2 (64-bit)
# SW Build 2258646 on Thu Jun 14 20:02:38 MDT 2018
# IP Build 2256618 on Thu Jun 14 22:10:49 MDT 2018
# Start of session at: Mon Mar 18 12:09:29 2019
# Process ID: 2542
# Current directory: /usr/local/magnetic2/Xilinx/Vivado/Vivado/2018.2/bin/Arquitectura2018
# Command line: vivado
# Log file: /usr/local/magnetic2/Xilinx/Vivado/Vivado/2018.2/bin/Arquitectura2018/vivado.log
# Journal file: /usr/local/magnetic2/Xilinx/Vivado/Vivado/2018.2/bin/Arquitectura2018/vivado.jou
#-----------------------------------------------------------
start_gui
open_project /usr/local/magnetic2/Xilinx/Vivado/Vivado/2018.2/bin/Arquitectura2018/TP_BIP/TP_BIP.xpr
INFO: [Project 1-313] Project file moved from '/home/sieber/Arquitectura/Arquitectura2018/TP_BIP' since last save.
CRITICAL WARNING: [Project 1-311] Could not find the file '/usr/local/magnetic2/Xilinx/Vivado/Vivado/2018.2/bin/Arquitectura2018/TP_BIP/TP_BIP.srcs/sources_1/new/Data_memory.v', nor could it be found using path '/home/sieber/Arquitectura/Arquitectura2018/TP_BIP/TP_BIP.srcs/sources_1/new/Data_memory.v'.
CRITICAL WARNING: [Project 1-311] Could not find the file '/usr/local/magnetic2/Xilinx/Vivado/Vivado/2018.2/bin/Arquitectura2018/TP_BIP/TP_BIP.srcs/sim_1/new/sim_interface.v', nor could it be found using path '/home/sieber/Arquitectura/Arquitectura2018/TP_BIP/TP_BIP.srcs/sim_1/new/sim_interface.v'.
Scanning sources...
Finished scanning sources
INFO: [IP_Flow 19-234] Refreshing IP repositories
INFO: [IP_Flow 19-1704] No user IP repositories specified
INFO: [IP_Flow 19-2313] Loaded Vivado IP repository '/usr/local/magnetic2/Xilinx/Vivado/Vivado/2018.2/data/ip'.
open_project: Time (s): cpu = 00:00:27 ; elapsed = 00:00:25 . Memory (MB): peak = 6129.805 ; gain = 114.863 ; free physical = 213 ; free virtual = 6594
update_compile_order -fileset sources_1
close [ open /usr/local/magnetic2/Xilinx/Vivado/Vivado/2018.2/bin/Arquitectura2018/TP_BIP/TP_BIP.srcs/sources_1/new/Data_memory.v w ]
add_files /usr/local/magnetic2/Xilinx/Vivado/Vivado/2018.2/bin/Arquitectura2018/TP_BIP/TP_BIP.srcs/sources_1/new/Data_memory.v
WARNING: [filemgmt 56-12] File '/usr/local/magnetic2/Xilinx/Vivado/Vivado/2018.2/bin/Arquitectura2018/TP_BIP/TP_BIP.srcs/sources_1/new/Data_memory.v' cannot be added to the project because it already exists in the project, skipping this file
update_compile_order -fileset sources_1
update_compile_order -fileset sources_1
update_compile_order -fileset sources_1
exit
INFO: [Common 17-206] Exiting Vivado at Mon Mar 18 12:43:14 2019...
