#-----------------------------------------------------------
# Vivado v2018.2 (64-bit)
# SW Build 2258646 on Thu Jun 14 20:02:38 MDT 2018
# IP Build 2256618 on Thu Jun 14 22:10:49 MDT 2018
# Start of session at: Mon Jun 21 10:44:56 2021
# Process ID: 1829
# Current directory: /home/vlad/Documents/Arquitectura2018
# Command line: vivado
# Log file: /home/vlad/Documents/Arquitectura2018/vivado.log
# Journal file: /home/vlad/Documents/Arquitectura2018/vivado.jou
#-----------------------------------------------------------
start_gui
open_project /home/vlad/Documents/Arquitectura2018/TP_FINAL/TP_BIP.xpr
Scanning sources...
Finished scanning sources
INFO: [IP_Flow 19-234] Refreshing IP repositories
INFO: [IP_Flow 19-1704] No user IP repositories specified
INFO: [IP_Flow 19-2313] Loaded Vivado IP repository '/home/Xilinx/Vivado/2018.2/data/ip'.
open_project: Time (s): cpu = 00:00:16 ; elapsed = 00:00:09 . Memory (MB): peak = 6073.438 ; gain = 119.883 ; free physical = 12074 ; free virtual = 17837
update_compile_order -fileset sources_1
