#-----------------------------------------------------------
# Vivado v2018.2 (64-bit)
# SW Build 2258646 on Thu Jun 14 20:02:38 MDT 2018
# IP Build 2256618 on Thu Jun 14 22:10:49 MDT 2018
# Start of session at: Wed Mar 20 14:44:38 2019
# Process ID: 23718
# Current directory: /home/vlad/Arquitectura2018
# Command line: vivado
# Log file: /home/vlad/Arquitectura2018/vivado.log
# Journal file: /home/vlad/Arquitectura2018/vivado.jou
#-----------------------------------------------------------
start_gui
open_project /home/vlad/Arquitectura2018/TP_BIP/TP_BIP.xpr
INFO: [Project 1-313] Project file moved from '/home/sieber/Arquitectura/Arquitectura2018/TP_BIP' since last save.
Scanning sources...
Finished scanning sources
CRITICAL WARNING: [Board 49-67] The board_part definition was not found for digilentinc.com:basys3:part0:1.1. This can happen sometimes when you use custom board part. You can resolve this issue by setting 'board.repoPaths' parameter, pointing to the location of custom board files. Valid board_part values can be retrieved with the 'get_board_parts' Tcl command.
INFO: [IP_Flow 19-234] Refreshing IP repositories
INFO: [IP_Flow 19-1704] No user IP repositories specified
INFO: [IP_Flow 19-2313] Loaded Vivado IP repository '/home/Xilinx/Vivado/2018.2/data/ip'.
open_project: Time (s): cpu = 00:00:17 ; elapsed = 00:00:08 . Memory (MB): peak = 6072.137 ; gain = 76.168 ; free physical = 347 ; free virtual = 15292
update_compile_order -fileset sources_1
WARNING: [IP_Flow 19-3899] Cannot get the environment domain name variable for the component vendor name. Setting the vendor name to 'user.org'.
exit
INFO: [Common 17-206] Exiting Vivado at Wed Mar 20 14:51:17 2019...
