
*** Running vivado
    with args -log Top_level.vds -m64 -product Vivado -mode batch -messageDb vivado.pb -notrace -source Top_level.tcl


****** Vivado v2018.2.2 (64-bit)
  **** SW Build 2348494 on Mon Oct  1 18:25:39 MDT 2018
  **** IP Build 2318053 on Mon Oct  1 21:44:26 MDT 2018
    ** Copyright 1986-2018 Xilinx, Inc. All Rights Reserved.

source Top_level.tcl -notrace
Command: synth_design -top Top_level -part xc7a35tcpg236-1
Starting synth_design
Attempting to get a license for feature 'Synthesis' and/or device 'xc7a35t'
INFO: [Common 17-349] Got license for feature 'Synthesis' and/or device 'xc7a35t'
INFO: Launching helper process for spawning children vivado processes
INFO: Helper process launched with PID 17749 
---------------------------------------------------------------------------------
Starting RTL Elaboration : Time (s): cpu = 00:00:02 ; elapsed = 00:00:03 . Memory (MB): peak = 1274.684 ; gain = 82.914 ; free physical = 5682 ; free virtual = 13815
---------------------------------------------------------------------------------
INFO: [Synth 8-6157] synthesizing module 'Top_level' [/home/sieber/Arquitectura/Arquitectura2018/TP_BIP/TP_BIP.srcs/sources_1/new/Top_level.v:23]
INFO: [Synth 8-6157] synthesizing module 'UART' [/home/sieber/Arquitectura/Arquitectura2018/TP_BIP/TP_BIP.srcs/sources_1/imports/UART/Main.v:8]
	Parameter size bound to: 8 - type: integer 
INFO: [Synth 8-6157] synthesizing module 'br_generator' [/home/sieber/Arquitectura/Arquitectura2018/TP_BIP/TP_BIP.srcs/sources_1/imports/UART/br_generator.v:3]
INFO: [Synth 8-6155] done synthesizing module 'br_generator' (1#1) [/home/sieber/Arquitectura/Arquitectura2018/TP_BIP/TP_BIP.srcs/sources_1/imports/UART/br_generator.v:3]
INFO: [Synth 8-6157] synthesizing module 'rx_module' [/home/sieber/Arquitectura/Arquitectura2018/TP_BIP/TP_BIP.srcs/sources_1/imports/UART/rx_module.v:22]
	Parameter DBIT bound to: 8 - type: integer 
	Parameter SB_TICK bound to: 16 - type: integer 
	Parameter idle bound to: 2'b00 
	Parameter start bound to: 2'b01 
	Parameter data bound to: 2'b10 
	Parameter stop bound to: 2'b11 
INFO: [Synth 8-6155] done synthesizing module 'rx_module' (2#1) [/home/sieber/Arquitectura/Arquitectura2018/TP_BIP/TP_BIP.srcs/sources_1/imports/UART/rx_module.v:22]
INFO: [Synth 8-6157] synthesizing module 'tx_module' [/home/sieber/Arquitectura/Arquitectura2018/TP_BIP/TP_BIP.srcs/sources_1/imports/UART/tx_module.v:2]
	Parameter DBIT bound to: 8 - type: integer 
	Parameter SB_TICK bound to: 16 - type: integer 
	Parameter idle bound to: 2'b00 
	Parameter start bound to: 2'b01 
	Parameter data bound to: 2'b10 
	Parameter stop bound to: 2'b11 
INFO: [Synth 8-6155] done synthesizing module 'tx_module' (3#1) [/home/sieber/Arquitectura/Arquitectura2018/TP_BIP/TP_BIP.srcs/sources_1/imports/UART/tx_module.v:2]
INFO: [Synth 8-6157] synthesizing module 'interface' [/home/sieber/Arquitectura/Arquitectura2018/TP_BIP/TP_BIP.srcs/sources_1/new/interface.v:3]
	Parameter DBIT bound to: 8 - type: integer 
	Parameter idle_rx bound to: 3'b000 
	Parameter receive bound to: 3'b001 
	Parameter idle_tx bound to: 3'b010 
	Parameter operate bound to: 3'b011 
	Parameter transmit bound to: 3'b100 
	Parameter transmit_reset bound to: 3'b101 
	Parameter transmit_init bound to: 3'b110 
INFO: [Synth 8-155] case statement is not full and has no default [/home/sieber/Arquitectura/Arquitectura2018/TP_BIP/TP_BIP.srcs/sources_1/new/interface.v:45]
WARNING: [Synth 8-6014] Unused sequential element aux_Acc_reg was removed.  [/home/sieber/Arquitectura/Arquitectura2018/TP_BIP/TP_BIP.srcs/sources_1/new/interface.v:78]
WARNING: [Synth 8-6014] Unused sequential element dig_reg was removed.  [/home/sieber/Arquitectura/Arquitectura2018/TP_BIP/TP_BIP.srcs/sources_1/new/interface.v:84]
WARNING: [Synth 8-5788] Register out_reg in module interface is has both Set and reset with same priority. This may cause simulation mismatches. Consider rewriting code  [/home/sieber/Arquitectura/Arquitectura2018/TP_BIP/TP_BIP.srcs/sources_1/new/interface.v:49]
WARNING: [Synth 8-5788] Register tx_start_aux_reg in module interface is has both Set and reset with same priority. This may cause simulation mismatches. Consider rewriting code  [/home/sieber/Arquitectura/Arquitectura2018/TP_BIP/TP_BIP.srcs/sources_1/new/interface.v:55]
WARNING: [Synth 8-5788] Register aux_Acc_Count_reg in module interface is has both Set and reset with same priority. This may cause simulation mismatches. Consider rewriting code  [/home/sieber/Arquitectura/Arquitectura2018/TP_BIP/TP_BIP.srcs/sources_1/new/interface.v:77]
WARNING: [Synth 8-5788] Register aux_Count_reg in module interface is has both Set and reset with same priority. This may cause simulation mismatches. Consider rewriting code  [/home/sieber/Arquitectura/Arquitectura2018/TP_BIP/TP_BIP.srcs/sources_1/new/interface.v:79]
WARNING: [Synth 8-5788] Register is_s_reg in module interface is has both Set and reset with same priority. This may cause simulation mismatches. Consider rewriting code  [/home/sieber/Arquitectura/Arquitectura2018/TP_BIP/TP_BIP.srcs/sources_1/new/interface.v:80]
WARNING: [Synth 8-5788] Register acc_sended_reg in module interface is has both Set and reset with same priority. This may cause simulation mismatches. Consider rewriting code  [/home/sieber/Arquitectura/Arquitectura2018/TP_BIP/TP_BIP.srcs/sources_1/new/interface.v:81]
WARNING: [Synth 8-5788] Register z_flag_reg in module interface is has both Set and reset with same priority. This may cause simulation mismatches. Consider rewriting code  [/home/sieber/Arquitectura/Arquitectura2018/TP_BIP/TP_BIP.srcs/sources_1/new/interface.v:83]
WARNING: [Synth 8-5788] Register aux_BIP_reg in module interface is has both Set and reset with same priority. This may cause simulation mismatches. Consider rewriting code  [/home/sieber/Arquitectura/Arquitectura2018/TP_BIP/TP_BIP.srcs/sources_1/new/interface.v:85]
WARNING: [Synth 8-5788] Register div_reg in module interface is has both Set and reset with same priority. This may cause simulation mismatches. Consider rewriting code  [/home/sieber/Arquitectura/Arquitectura2018/TP_BIP/TP_BIP.srcs/sources_1/new/interface.v:118]
INFO: [Synth 8-6155] done synthesizing module 'interface' (4#1) [/home/sieber/Arquitectura/Arquitectura2018/TP_BIP/TP_BIP.srcs/sources_1/new/interface.v:3]
WARNING: [Synth 8-3848] Net rd in module/entity UART does not have driver. [/home/sieber/Arquitectura/Arquitectura2018/TP_BIP/TP_BIP.srcs/sources_1/imports/UART/Main.v:18]
INFO: [Synth 8-6155] done synthesizing module 'UART' (5#1) [/home/sieber/Arquitectura/Arquitectura2018/TP_BIP/TP_BIP.srcs/sources_1/imports/UART/Main.v:8]
INFO: [Synth 8-6157] synthesizing module 'sinc_memory' [/home/sieber/Arquitectura/Arquitectura2018/TP_BIP/TP_BIP.srcs/sources_1/new/sinc_memory.v:23]
	Parameter RAM_WIDTH bound to: 16 - type: integer 
	Parameter RAM_DEPTH bound to: 2048 - type: integer 
	Parameter INIT_FILE bound to: /home/sieber/Arquitectura/Arquitectura2018/instrucciones.txt - type: string 
INFO: [Synth 8-3876] $readmem data file '/home/sieber/Arquitectura/Arquitectura2018/instrucciones.txt' is read successfully [/home/sieber/Arquitectura/Arquitectura2018/TP_BIP/TP_BIP.srcs/sources_1/new/sinc_memory.v:64]
INFO: [Synth 8-6155] done synthesizing module 'sinc_memory' (6#1) [/home/sieber/Arquitectura/Arquitectura2018/TP_BIP/TP_BIP.srcs/sources_1/new/sinc_memory.v:23]
INFO: [Synth 8-6157] synthesizing module 'sinc_memory__parameterized0' [/home/sieber/Arquitectura/Arquitectura2018/TP_BIP/TP_BIP.srcs/sources_1/new/sinc_memory.v:23]
	Parameter RAM_WIDTH bound to: 16 - type: integer 
	Parameter RAM_DEPTH bound to: 2048 - type: integer 
	Parameter INIT_FILE bound to: /home/sieber/Arquitectura/Arquitectura2018/datos.txt - type: string 
INFO: [Synth 8-3876] $readmem data file '/home/sieber/Arquitectura/Arquitectura2018/datos.txt' is read successfully [/home/sieber/Arquitectura/Arquitectura2018/TP_BIP/TP_BIP.srcs/sources_1/new/sinc_memory.v:64]
INFO: [Synth 8-6155] done synthesizing module 'sinc_memory__parameterized0' (6#1) [/home/sieber/Arquitectura/Arquitectura2018/TP_BIP/TP_BIP.srcs/sources_1/new/sinc_memory.v:23]
INFO: [Synth 8-6157] synthesizing module 'CPU' [/home/sieber/Arquitectura/Arquitectura2018/TP_BIP/TP_BIP.srcs/sources_1/new/CPU.v:23]
INFO: [Synth 8-6157] synthesizing module 'ControlUnit' [/home/sieber/Arquitectura/Arquitectura2018/TP_BIP/TP_BIP.srcs/sources_1/new/ControlUnit.v:8]
INFO: [Synth 8-6157] synthesizing module 'Decoder' [/home/sieber/Arquitectura/Arquitectura2018/TP_BIP/TP_BIP.srcs/sources_1/new/Decoder.v:23]
INFO: [Synth 8-6155] done synthesizing module 'Decoder' (7#1) [/home/sieber/Arquitectura/Arquitectura2018/TP_BIP/TP_BIP.srcs/sources_1/new/Decoder.v:23]
INFO: [Synth 8-6155] done synthesizing module 'ControlUnit' (8#1) [/home/sieber/Arquitectura/Arquitectura2018/TP_BIP/TP_BIP.srcs/sources_1/new/ControlUnit.v:8]
INFO: [Synth 8-6157] synthesizing module 'Datapath' [/home/sieber/Arquitectura/Arquitectura2018/TP_BIP/TP_BIP.srcs/sources_1/new/Datapath.v:23]
INFO: [Synth 8-226] default block is never used [/home/sieber/Arquitectura/Arquitectura2018/TP_BIP/TP_BIP.srcs/sources_1/new/Datapath.v:57]
INFO: [Synth 8-6157] synthesizing module 'ALU' [/home/sieber/Arquitectura/Arquitectura2018/TP_ALU/TP_ALU.srcs/sources_1/imports/TP1_FS/ALU.v:23]
	Parameter size bound to: 16 - type: integer 
INFO: [Synth 8-6155] done synthesizing module 'ALU' (9#1) [/home/sieber/Arquitectura/Arquitectura2018/TP_ALU/TP_ALU.srcs/sources_1/imports/TP1_FS/ALU.v:23]
INFO: [Synth 8-6155] done synthesizing module 'Datapath' (10#1) [/home/sieber/Arquitectura/Arquitectura2018/TP_BIP/TP_BIP.srcs/sources_1/new/Datapath.v:23]
INFO: [Synth 8-6155] done synthesizing module 'CPU' (11#1) [/home/sieber/Arquitectura/Arquitectura2018/TP_BIP/TP_BIP.srcs/sources_1/new/CPU.v:23]
INFO: [Synth 8-6155] done synthesizing module 'Top_level' (12#1) [/home/sieber/Arquitectura/Arquitectura2018/TP_BIP/TP_BIP.srcs/sources_1/new/Top_level.v:23]
WARNING: [Synth 8-3331] design sinc_memory__parameterized0 has unconnected port Rd
WARNING: [Synth 8-3331] design sinc_memory has unconnected port Rd
WARNING: [Synth 8-3331] design interface has unconnected port rd
---------------------------------------------------------------------------------
Finished RTL Elaboration : Time (s): cpu = 00:00:03 ; elapsed = 00:00:04 . Memory (MB): peak = 1319.309 ; gain = 127.539 ; free physical = 5689 ; free virtual = 13823
---------------------------------------------------------------------------------

Report Check Netlist: 
+------+------------------+-------+---------+-------+------------------+
|      |Item              |Errors |Warnings |Status |Description       |
+------+------------------+-------+---------+-------+------------------+
|1     |multi_driven_nets |      0|        0|Passed |Multi driven nets |
+------+------------------+-------+---------+-------+------------------+
WARNING: [Synth 8-3295] tying undriven pin uart:out_Acc_Counter[31] to constant 0 [/home/sieber/Arquitectura/Arquitectura2018/TP_BIP/TP_BIP.srcs/sources_1/new/Top_level.v:33]
WARNING: [Synth 8-3295] tying undriven pin uart:out_Acc_Counter[30] to constant 0 [/home/sieber/Arquitectura/Arquitectura2018/TP_BIP/TP_BIP.srcs/sources_1/new/Top_level.v:33]
WARNING: [Synth 8-3295] tying undriven pin uart:out_Acc_Counter[29] to constant 0 [/home/sieber/Arquitectura/Arquitectura2018/TP_BIP/TP_BIP.srcs/sources_1/new/Top_level.v:33]
WARNING: [Synth 8-3295] tying undriven pin uart:out_Acc_Counter[28] to constant 0 [/home/sieber/Arquitectura/Arquitectura2018/TP_BIP/TP_BIP.srcs/sources_1/new/Top_level.v:33]
WARNING: [Synth 8-3295] tying undriven pin uart:out_Acc_Counter[27] to constant 0 [/home/sieber/Arquitectura/Arquitectura2018/TP_BIP/TP_BIP.srcs/sources_1/new/Top_level.v:33]
---------------------------------------------------------------------------------
Start Handling Custom Attributes
---------------------------------------------------------------------------------
---------------------------------------------------------------------------------
Finished Handling Custom Attributes : Time (s): cpu = 00:00:03 ; elapsed = 00:00:04 . Memory (MB): peak = 1319.309 ; gain = 127.539 ; free physical = 5691 ; free virtual = 13824
---------------------------------------------------------------------------------
---------------------------------------------------------------------------------
Finished RTL Optimization Phase 1 : Time (s): cpu = 00:00:03 ; elapsed = 00:00:04 . Memory (MB): peak = 1319.309 ; gain = 127.539 ; free physical = 5691 ; free virtual = 13824
---------------------------------------------------------------------------------
INFO: [Device 21-403] Loading part xc7a35tcpg236-1
INFO: [Project 1-570] Preparing netlist for logic optimization

Processing XDC Constraints
Initializing timing engine
Parsing XDC File [/home/sieber/Arquitectura/Arquitectura2018/TP_UART/TP_UART.srcs/constrs_1/imports/Arquitectura2018/basys3_constraint.xdc]
Finished Parsing XDC File [/home/sieber/Arquitectura/Arquitectura2018/TP_UART/TP_UART.srcs/constrs_1/imports/Arquitectura2018/basys3_constraint.xdc]
INFO: [Project 1-236] Implementation specific constraints were found while reading constraint file [/home/sieber/Arquitectura/Arquitectura2018/TP_UART/TP_UART.srcs/constrs_1/imports/Arquitectura2018/basys3_constraint.xdc]. These constraints will be ignored for synthesis but will be used in implementation. Impacted constraints are listed in the file [.Xil/Top_level_propImpl.xdc].
Resolution: To avoid this warning, move constraints listed in [.Xil/Top_level_propImpl.xdc] to another XDC file and exclude this new file from synthesis with the used_in_synthesis property (File Properties dialog in GUI) and re-run elaboration/synthesis.
Completed Processing XDC Constraints

INFO: [Project 1-111] Unisim Transformation Summary:
No Unisim elements were transformed.

Constraint Validation Runtime : Time (s): cpu = 00:00:00 ; elapsed = 00:00:00 . Memory (MB): peak = 1648.645 ; gain = 0.000 ; free physical = 5444 ; free virtual = 13572
---------------------------------------------------------------------------------
Finished Constraint Validation : Time (s): cpu = 00:00:11 ; elapsed = 00:00:22 . Memory (MB): peak = 1648.645 ; gain = 456.875 ; free physical = 5527 ; free virtual = 13655
---------------------------------------------------------------------------------
---------------------------------------------------------------------------------
Start Loading Part and Timing Information
---------------------------------------------------------------------------------
Loading part: xc7a35tcpg236-1
---------------------------------------------------------------------------------
Finished Loading Part and Timing Information : Time (s): cpu = 00:00:11 ; elapsed = 00:00:22 . Memory (MB): peak = 1648.645 ; gain = 456.875 ; free physical = 5527 ; free virtual = 13655
---------------------------------------------------------------------------------
---------------------------------------------------------------------------------
Start Applying 'set_property' XDC Constraints
---------------------------------------------------------------------------------
---------------------------------------------------------------------------------
Finished applying 'set_property' XDC Constraints : Time (s): cpu = 00:00:11 ; elapsed = 00:00:22 . Memory (MB): peak = 1648.645 ; gain = 456.875 ; free physical = 5527 ; free virtual = 13655
---------------------------------------------------------------------------------
INFO: [Synth 8-5546] ROM "tick" won't be mapped to RAM because it is too sparse
INFO: [Synth 8-802] inferred FSM for state register 'state_reg_reg' in module 'rx_module'
INFO: [Synth 8-5544] ROM "rx_done_tick" won't be mapped to Block RAM because address size (4) smaller than threshold (5)
INFO: [Synth 8-5544] ROM "state_next" won't be mapped to Block RAM because address size (3) smaller than threshold (5)
INFO: [Synth 8-5544] ROM "state_next" won't be mapped to Block RAM because address size (4) smaller than threshold (5)
INFO: [Synth 8-5544] ROM "s_next" won't be mapped to Block RAM because address size (4) smaller than threshold (5)
INFO: [Synth 8-5544] ROM "n_next" won't be mapped to Block RAM because address size (3) smaller than threshold (5)
INFO: [Synth 8-802] inferred FSM for state register 'state_reg_reg' in module 'tx_module'
INFO: [Synth 8-5544] ROM "tx_done_tick" won't be mapped to Block RAM because address size (4) smaller than threshold (5)
INFO: [Synth 8-5544] ROM "state_next" won't be mapped to Block RAM because address size (3) smaller than threshold (5)
INFO: [Synth 8-5544] ROM "s_next" won't be mapped to Block RAM because address size (4) smaller than threshold (5)
INFO: [Synth 8-5544] ROM "n_next" won't be mapped to Block RAM because address size (3) smaller than threshold (5)
INFO: [Synth 8-5546] ROM "state_reg" won't be mapped to RAM because it is too sparse
INFO: [Synth 8-5546] ROM "out" won't be mapped to RAM because it is too sparse
INFO: [Synth 8-5546] ROM "out" won't be mapped to RAM because it is too sparse
INFO: [Synth 8-5546] ROM "out" won't be mapped to RAM because it is too sparse
INFO: [Synth 8-5546] ROM "aux_Acc_Count" won't be mapped to RAM because it is too sparse
INFO: [Synth 8-5546] ROM "is_s" won't be mapped to RAM because it is too sparse
INFO: [Synth 8-5546] ROM "Output" won't be mapped to RAM because it is too sparse
INFO: [Synth 8-5818] HDL ADVISOR - The operator resource <adder> is shared. To prevent sharing consider applying a KEEP on the output of the operator [/home/sieber/Arquitectura/Arquitectura2018/TP_ALU/TP_ALU.srcs/sources_1/imports/TP1_FS/ALU.v:32]
---------------------------------------------------------------------------------------------------
                   State |                     New Encoding |                Previous Encoding 
---------------------------------------------------------------------------------------------------
                    idle |                               00 |                               00
                   start |                               01 |                               01
                    data |                               10 |                               10
                    stop |                               11 |                               11
---------------------------------------------------------------------------------------------------
INFO: [Synth 8-3354] encoded FSM with state register 'state_reg_reg' using encoding 'sequential' in module 'rx_module'
---------------------------------------------------------------------------------------------------
                   State |                     New Encoding |                Previous Encoding 
---------------------------------------------------------------------------------------------------
                    idle |                               00 |                               00
                   start |                               01 |                               01
                    data |                               10 |                               10
                    stop |                               11 |                               11
---------------------------------------------------------------------------------------------------
INFO: [Synth 8-3354] encoded FSM with state register 'state_reg_reg' using encoding 'sequential' in module 'tx_module'
WARNING: [Synth 8-327] inferring latch for variable 'A_reg' [/home/sieber/Arquitectura/Arquitectura2018/TP_BIP/TP_BIP.srcs/sources_1/new/Datapath.v:52]
---------------------------------------------------------------------------------
Finished RTL Optimization Phase 2 : Time (s): cpu = 00:00:11 ; elapsed = 00:00:23 . Memory (MB): peak = 1648.645 ; gain = 456.875 ; free physical = 5518 ; free virtual = 13647
---------------------------------------------------------------------------------

Report RTL Partitions: 
+-+--------------+------------+----------+
| |RTL Partition |Replication |Instances |
+-+--------------+------------+----------+
+-+--------------+------------+----------+
---------------------------------------------------------------------------------
Start RTL Component Statistics 
---------------------------------------------------------------------------------
Detailed RTL Component Info : 
+---Adders : 
	   3 Input     16 Bit       Adders := 1     
	   2 Input     11 Bit       Adders := 1     
	   2 Input      8 Bit       Adders := 2     
	   2 Input      7 Bit       Adders := 1     
	   2 Input      4 Bit       Adders := 2     
	   2 Input      3 Bit       Adders := 2     
+---XORs : 
	   2 Input     16 Bit         XORs := 1     
+---Registers : 
	               32 Bit    Registers := 1     
	               16 Bit    Registers := 4     
	               14 Bit    Registers := 1     
	               11 Bit    Registers := 1     
	                8 Bit    Registers := 4     
	                7 Bit    Registers := 1     
	                4 Bit    Registers := 2     
	                3 Bit    Registers := 3     
	                1 Bit    Registers := 8     
+---RAMs : 
	              32K Bit         RAMs := 2     
+---Muxes : 
	   8 Input     32 Bit        Muxes := 2     
	   2 Input     32 Bit        Muxes := 5     
	   2 Input     18 Bit        Muxes := 1     
	   2 Input     16 Bit        Muxes := 6     
	   8 Input     16 Bit        Muxes := 1     
	   4 Input     16 Bit        Muxes := 1     
	   8 Input     14 Bit        Muxes := 1     
	   2 Input      8 Bit        Muxes := 7     
	   4 Input      8 Bit        Muxes := 1     
	   8 Input      8 Bit        Muxes := 3     
	   2 Input      7 Bit        Muxes := 3     
	   5 Input      7 Bit        Muxes := 1     
	   3 Input      7 Bit        Muxes := 1     
	   3 Input      6 Bit        Muxes := 1     
	   2 Input      6 Bit        Muxes := 1     
	   2 Input      4 Bit        Muxes := 3     
	   4 Input      4 Bit        Muxes := 2     
	   4 Input      3 Bit        Muxes := 2     
	   3 Input      3 Bit        Muxes := 2     
	   2 Input      3 Bit        Muxes := 5     
	   5 Input      3 Bit        Muxes := 1     
	   8 Input      3 Bit        Muxes := 1     
	   4 Input      2 Bit        Muxes := 2     
	   2 Input      2 Bit        Muxes := 5     
	   3 Input      2 Bit        Muxes := 1     
	   2 Input      1 Bit        Muxes := 27    
	   3 Input      1 Bit        Muxes := 10    
	   4 Input      1 Bit        Muxes := 12    
	   8 Input      1 Bit        Muxes := 23    
	  10 Input      1 Bit        Muxes := 1     
---------------------------------------------------------------------------------
Finished RTL Component Statistics 
---------------------------------------------------------------------------------
---------------------------------------------------------------------------------
Start RTL Hierarchical Component Statistics 
---------------------------------------------------------------------------------
Hierarchical RTL Component report 
Module br_generator 
Detailed RTL Component Info : 
+---Adders : 
	   2 Input      8 Bit       Adders := 1     
+---Registers : 
	                8 Bit    Registers := 1     
	                1 Bit    Registers := 1     
+---Muxes : 
	   2 Input      8 Bit        Muxes := 1     
	   2 Input      1 Bit        Muxes := 1     
Module rx_module 
Detailed RTL Component Info : 
+---Adders : 
	   2 Input      4 Bit       Adders := 1     
	   2 Input      3 Bit       Adders := 1     
+---Registers : 
	                8 Bit    Registers := 1     
	                4 Bit    Registers := 1     
	                3 Bit    Registers := 1     
+---Muxes : 
	   2 Input      4 Bit        Muxes := 2     
	   4 Input      4 Bit        Muxes := 1     
	   4 Input      3 Bit        Muxes := 1     
	   4 Input      2 Bit        Muxes := 1     
	   2 Input      2 Bit        Muxes := 1     
	   2 Input      1 Bit        Muxes := 3     
	   3 Input      1 Bit        Muxes := 2     
	   4 Input      1 Bit        Muxes := 5     
Module tx_module 
Detailed RTL Component Info : 
+---Adders : 
	   2 Input      4 Bit       Adders := 1     
	   2 Input      3 Bit       Adders := 1     
+---Registers : 
	                8 Bit    Registers := 1     
	                4 Bit    Registers := 1     
	                3 Bit    Registers := 1     
	                1 Bit    Registers := 1     
+---Muxes : 
	   4 Input      8 Bit        Muxes := 1     
	   2 Input      4 Bit        Muxes := 1     
	   4 Input      4 Bit        Muxes := 1     
	   4 Input      3 Bit        Muxes := 1     
	   4 Input      2 Bit        Muxes := 1     
	   2 Input      2 Bit        Muxes := 1     
	   2 Input      1 Bit        Muxes := 2     
	   3 Input      1 Bit        Muxes := 2     
	   4 Input      1 Bit        Muxes := 6     
Module interface 
Detailed RTL Component Info : 
+---Adders : 
	   2 Input      8 Bit       Adders := 1     
	   2 Input      7 Bit       Adders := 1     
+---Registers : 
	               32 Bit    Registers := 1     
	               16 Bit    Registers := 1     
	               14 Bit    Registers := 1     
	                8 Bit    Registers := 1     
	                7 Bit    Registers := 1     
	                3 Bit    Registers := 1     
	                1 Bit    Registers := 5     
+---Muxes : 
	   8 Input     32 Bit        Muxes := 2     
	   2 Input     32 Bit        Muxes := 5     
	   2 Input     18 Bit        Muxes := 1     
	   2 Input     16 Bit        Muxes := 5     
	   8 Input     16 Bit        Muxes := 1     
	   8 Input     14 Bit        Muxes := 1     
	   8 Input      8 Bit        Muxes := 2     
	   2 Input      8 Bit        Muxes := 5     
	   2 Input      7 Bit        Muxes := 3     
	   5 Input      7 Bit        Muxes := 1     
	   3 Input      7 Bit        Muxes := 1     
	   3 Input      6 Bit        Muxes := 1     
	   3 Input      3 Bit        Muxes := 2     
	   2 Input      3 Bit        Muxes := 5     
	   5 Input      3 Bit        Muxes := 1     
	   8 Input      3 Bit        Muxes := 1     
	   2 Input      2 Bit        Muxes := 3     
	   3 Input      2 Bit        Muxes := 1     
	   2 Input      1 Bit        Muxes := 21    
	   8 Input      1 Bit        Muxes := 23    
	   3 Input      1 Bit        Muxes := 6     
	  10 Input      1 Bit        Muxes := 1     
Module sinc_memory 
Detailed RTL Component Info : 
+---Registers : 
	               16 Bit    Registers := 1     
+---RAMs : 
	              32K Bit         RAMs := 1     
Module sinc_memory__parameterized0 
Detailed RTL Component Info : 
+---Registers : 
	               16 Bit    Registers := 1     
+---RAMs : 
	              32K Bit         RAMs := 1     
Module Decoder 
Detailed RTL Component Info : 
+---Muxes : 
	   2 Input      8 Bit        Muxes := 1     
	   8 Input      8 Bit        Muxes := 1     
Module ControlUnit 
Detailed RTL Component Info : 
+---Adders : 
	   2 Input     11 Bit       Adders := 1     
+---Registers : 
	               11 Bit    Registers := 1     
	                1 Bit    Registers := 1     
Module ALU 
Detailed RTL Component Info : 
+---Adders : 
	   3 Input     16 Bit       Adders := 1     
+---XORs : 
	   2 Input     16 Bit         XORs := 1     
Module Datapath 
Detailed RTL Component Info : 
+---Registers : 
	               16 Bit    Registers := 1     
+---Muxes : 
	   4 Input     16 Bit        Muxes := 1     
	   2 Input     16 Bit        Muxes := 1     
	   2 Input      6 Bit        Muxes := 1     
	   4 Input      1 Bit        Muxes := 1     
---------------------------------------------------------------------------------
Finished RTL Hierarchical Component Statistics
---------------------------------------------------------------------------------
---------------------------------------------------------------------------------
Start Part Resource Summary
---------------------------------------------------------------------------------
Part Resources:
DSPs: 90 (col length:60)
BRAMs: 100 (col length: RAMB18 60 RAMB36 30)
---------------------------------------------------------------------------------
Finished Part Resource Summary
---------------------------------------------------------------------------------
---------------------------------------------------------------------------------
Start Cross Boundary and Area Optimization
---------------------------------------------------------------------------------
Warning: Parallel synthesis criteria is not met 
INFO: [Synth 8-5546] ROM "uart/br_g/tick" won't be mapped to RAM because it is too sparse
WARNING: [Synth 8-3331] design interface has unconnected port rd
INFO: [Synth 8-3886] merging instance 'uart/int/aux_Count_reg[11]' (FDCPE) to 'uart/int/aux_Count_reg[15]'
INFO: [Synth 8-3886] merging instance 'uart/int/aux_Count_reg[12]' (FDCPE) to 'uart/int/aux_Count_reg[15]'
INFO: [Synth 8-3886] merging instance 'uart/int/aux_Count_reg[13]' (FDCPE) to 'uart/int/aux_Count_reg[15]'
INFO: [Synth 8-3886] merging instance 'uart/int/aux_Count_reg[15]' (FDCPE) to 'uart/int/aux_Count_reg[14]'
INFO: [Synth 8-3886] merging instance 'uart/int/aux_Acc_Count_reg[31]' (FDE) to 'uart/int/aux_Acc_Count_reg[30]'
INFO: [Synth 8-3333] propagating constant 0 across sequential element (\uart/int/aux_Count_reg[14] )
INFO: [Synth 8-3886] merging instance 'uart/int/aux_Acc_Count_reg[18]' (FDE) to 'uart/int/aux_Acc_Count_reg[30]'
INFO: [Synth 8-3886] merging instance 'uart/int/aux_Acc_Count_reg[19]' (FDE) to 'uart/int/aux_Acc_Count_reg[30]'
INFO: [Synth 8-3886] merging instance 'uart/int/aux_Acc_Count_reg[20]' (FDE) to 'uart/int/aux_Acc_Count_reg[30]'
INFO: [Synth 8-3886] merging instance 'uart/int/aux_Acc_Count_reg[21]' (FDE) to 'uart/int/aux_Acc_Count_reg[30]'
INFO: [Synth 8-3886] merging instance 'uart/int/aux_Acc_Count_reg[22]' (FDE) to 'uart/int/aux_Acc_Count_reg[30]'
INFO: [Synth 8-3886] merging instance 'uart/int/aux_Acc_Count_reg[23]' (FDE) to 'uart/int/aux_Acc_Count_reg[30]'
INFO: [Synth 8-3886] merging instance 'uart/int/aux_Acc_Count_reg[24]' (FDE) to 'uart/int/aux_Acc_Count_reg[30]'
INFO: [Synth 8-3886] merging instance 'uart/int/aux_Acc_Count_reg[25]' (FDE) to 'uart/int/aux_Acc_Count_reg[30]'
INFO: [Synth 8-3886] merging instance 'uart/int/aux_Acc_Count_reg[26]' (FDE) to 'uart/int/aux_Acc_Count_reg[30]'
INFO: [Synth 8-3886] merging instance 'uart/int/aux_Acc_Count_reg[27]' (FDE) to 'uart/int/aux_Acc_Count_reg[30]'
INFO: [Synth 8-3886] merging instance 'uart/int/aux_Acc_Count_reg[28]' (FDE) to 'uart/int/aux_Acc_Count_reg[30]'
INFO: [Synth 8-3886] merging instance 'uart/int/aux_Acc_Count_reg[30]' (FDE) to 'uart/int/aux_Acc_Count_reg[29]'
INFO: [Synth 8-3333] propagating constant 0 across sequential element (\uart/int/aux_Acc_Count_reg[29] )
INFO: [Synth 8-3886] merging instance 'uart/int/div_reg[11]' (FDE) to 'uart/int/div_reg[12]'
INFO: [Synth 8-3333] propagating constant 0 across sequential element (\uart/int/div_reg[12] )
INFO: [Synth 8-3333] propagating constant 1 across sequential element (\bip/control/aux_finish_program_reg )
INFO: [Synth 8-3886] merging instance 'uart/int/div_reg[13]' (FDE) to 'uart/int/div_reg[10]'
WARNING: [Synth 8-3332] Sequential element (uart/int/div_reg[12]) is unused and will be removed from module Top_level.
WARNING: [Synth 8-3332] Sequential element (uart/int/aux_Count_reg[14]) is unused and will be removed from module Top_level.
WARNING: [Synth 8-3332] Sequential element (uart/int/aux_Acc_Count_reg[29]) is unused and will be removed from module Top_level.
WARNING: [Synth 8-3332] Sequential element (bip/control/aux_finish_program_reg) is unused and will be removed from module Top_level.
INFO: [Synth 8-3333] propagating constant 1 across sequential element (\uart/int/aux_Count_reg[0]_LDC )
INFO: [Synth 8-3333] propagating constant 1 across sequential element (\uart/int/aux_Count_reg[1]_LDC )
INFO: [Synth 8-3333] propagating constant 1 across sequential element (\uart/int/aux_Count_reg[2]_LDC )
INFO: [Synth 8-3333] propagating constant 1 across sequential element (\uart/int/aux_Count_reg[3]_LDC )
INFO: [Synth 8-3333] propagating constant 1 across sequential element (\uart/int/aux_Count_reg[4]_LDC )
INFO: [Synth 8-3333] propagating constant 1 across sequential element (\uart/int/aux_Count_reg[5]_LDC )
INFO: [Synth 8-3333] propagating constant 1 across sequential element (\uart/int/aux_Count_reg[6]_LDC )
INFO: [Synth 8-3333] propagating constant 1 across sequential element (\uart/int/aux_Count_reg[7]_LDC )
INFO: [Synth 8-3333] propagating constant 1 across sequential element (\uart/int/aux_Count_reg[8]_LDC )
INFO: [Synth 8-3333] propagating constant 1 across sequential element (\uart/int/aux_Count_reg[9]_LDC )
INFO: [Synth 8-3333] propagating constant 1 across sequential element (\uart/int/aux_Count_reg[10]_LDC )
INFO: [Synth 8-3333] propagating constant 1 across sequential element (\uart/int/acc_sended_reg_LDC )
INFO: [Synth 8-3333] propagating constant 1 across sequential element (\uart/int/z_flag_reg_LDC )
INFO: [Synth 8-3333] propagating constant 1 across sequential element (\uart/int/aux_Acc_Count_reg[0]_LDC )
INFO: [Synth 8-3333] propagating constant 1 across sequential element (\uart/int/aux_Acc_Count_reg[1]_LDC )
INFO: [Synth 8-3333] propagating constant 1 across sequential element (\uart/int/aux_Acc_Count_reg[2]_LDC )
INFO: [Synth 8-3333] propagating constant 1 across sequential element (\uart/int/aux_Acc_Count_reg[3]_LDC )
INFO: [Synth 8-3333] propagating constant 1 across sequential element (\uart/int/aux_Acc_Count_reg[4]_LDC )
INFO: [Synth 8-3333] propagating constant 1 across sequential element (\uart/int/aux_Acc_Count_reg[5]_LDC )
INFO: [Synth 8-3333] propagating constant 1 across sequential element (\uart/int/aux_Acc_Count_reg[6]_LDC )
INFO: [Synth 8-3333] propagating constant 1 across sequential element (\uart/int/aux_Acc_Count_reg[7]_LDC )
INFO: [Synth 8-3333] propagating constant 1 across sequential element (\uart/int/aux_Acc_Count_reg[8]_LDC )
INFO: [Synth 8-3333] propagating constant 1 across sequential element (\uart/int/aux_Acc_Count_reg[9]_LDC )
INFO: [Synth 8-3333] propagating constant 1 across sequential element (\uart/int/aux_Acc_Count_reg[10]_LDC )
INFO: [Synth 8-3333] propagating constant 1 across sequential element (\uart/int/aux_Acc_Count_reg[11]_LDC )
INFO: [Synth 8-3333] propagating constant 1 across sequential element (\uart/int/aux_Acc_Count_reg[12]_LDC )
INFO: [Synth 8-3333] propagating constant 1 across sequential element (\uart/int/aux_Acc_Count_reg[13]_LDC )
INFO: [Synth 8-3333] propagating constant 1 across sequential element (\uart/int/aux_Acc_Count_reg[15]_LDC )
INFO: [Synth 8-3333] propagating constant 1 across sequential element (\uart/int/aux_Acc_Count_reg[16]_LDC )
INFO: [Synth 8-3333] propagating constant 1 across sequential element (\uart/int/aux_Acc_Count_reg[17]_LDC )
INFO: [Synth 8-3333] propagating constant 1 across sequential element (\uart/int/aux_Acc_Count_reg[14]_LDC )
INFO: [Synth 8-3333] propagating constant 1 across sequential element (\uart/int/out_reg[7]_LDC )
INFO: [Synth 8-3333] propagating constant 1 across sequential element (\uart/int/out_reg[5]_LDC )
INFO: [Synth 8-3333] propagating constant 1 across sequential element (\uart/int/out_reg[4]_LDC )
INFO: [Synth 8-3333] propagating constant 1 across sequential element (\uart/int/out_reg[6]_LDC )
INFO: [Synth 8-3333] propagating constant 1 across sequential element (\uart/int/out_reg[3]_LDC )
INFO: [Synth 8-3333] propagating constant 1 across sequential element (\uart/int/out_reg[1]_LDC )
INFO: [Synth 8-3333] propagating constant 1 across sequential element (\uart/int/out_reg[2]_LDC )
INFO: [Synth 8-3886] merging instance 'uart/int/div_reg[8]' (FDE) to 'uart/int/div_reg[9]'
INFO: [Synth 8-3333] propagating constant 1 across sequential element (\uart/int/out_reg[0]_LDC )
WARNING: [Synth 8-3332] Sequential element (uart/int/acc_sended_reg_LDC) is unused and will be removed from module Top_level.
WARNING: [Synth 8-3332] Sequential element (uart/int/acc_sended_reg_C) is unused and will be removed from module Top_level.
WARNING: [Synth 8-3332] Sequential element (uart/int/aux_Count_reg[10]_LDC) is unused and will be removed from module Top_level.
WARNING: [Synth 8-3332] Sequential element (uart/int/aux_Count_reg[10]_C) is unused and will be removed from module Top_level.
WARNING: [Synth 8-3332] Sequential element (uart/int/aux_Count_reg[9]_LDC) is unused and will be removed from module Top_level.
WARNING: [Synth 8-3332] Sequential element (uart/int/aux_Count_reg[9]_C) is unused and will be removed from module Top_level.
WARNING: [Synth 8-3332] Sequential element (uart/int/aux_Count_reg[8]_LDC) is unused and will be removed from module Top_level.
WARNING: [Synth 8-3332] Sequential element (uart/int/aux_Count_reg[8]_C) is unused and will be removed from module Top_level.
WARNING: [Synth 8-3332] Sequential element (uart/int/aux_Count_reg[7]_LDC) is unused and will be removed from module Top_level.
WARNING: [Synth 8-3332] Sequential element (uart/int/aux_Count_reg[7]_C) is unused and will be removed from module Top_level.
WARNING: [Synth 8-3332] Sequential element (uart/int/aux_Count_reg[6]_LDC) is unused and will be removed from module Top_level.
WARNING: [Synth 8-3332] Sequential element (uart/int/aux_Count_reg[6]_C) is unused and will be removed from module Top_level.
WARNING: [Synth 8-3332] Sequential element (uart/int/aux_Count_reg[5]_LDC) is unused and will be removed from module Top_level.
WARNING: [Synth 8-3332] Sequential element (uart/int/aux_Count_reg[5]_C) is unused and will be removed from module Top_level.
WARNING: [Synth 8-3332] Sequential element (uart/int/aux_Count_reg[4]_LDC) is unused and will be removed from module Top_level.
WARNING: [Synth 8-3332] Sequential element (uart/int/aux_Count_reg[4]_C) is unused and will be removed from module Top_level.
WARNING: [Synth 8-3332] Sequential element (uart/int/aux_Count_reg[3]_LDC) is unused and will be removed from module Top_level.
WARNING: [Synth 8-3332] Sequential element (uart/int/aux_Count_reg[3]_C) is unused and will be removed from module Top_level.
WARNING: [Synth 8-3332] Sequential element (uart/int/aux_Count_reg[2]_LDC) is unused and will be removed from module Top_level.
WARNING: [Synth 8-3332] Sequential element (uart/int/aux_Count_reg[2]_C) is unused and will be removed from module Top_level.
WARNING: [Synth 8-3332] Sequential element (uart/int/aux_Count_reg[1]_LDC) is unused and will be removed from module Top_level.
WARNING: [Synth 8-3332] Sequential element (uart/int/aux_Count_reg[1]_C) is unused and will be removed from module Top_level.
WARNING: [Synth 8-3332] Sequential element (uart/int/aux_Count_reg[0]_LDC) is unused and will be removed from module Top_level.
WARNING: [Synth 8-3332] Sequential element (uart/int/aux_Count_reg[0]_C) is unused and will be removed from module Top_level.
WARNING: [Synth 8-3332] Sequential element (uart/int/aux_Acc_Count_reg[17]_LDC) is unused and will be removed from module Top_level.
WARNING: [Synth 8-3332] Sequential element (uart/int/aux_Acc_Count_reg[17]_C) is unused and will be removed from module Top_level.
WARNING: [Synth 8-3332] Sequential element (uart/int/aux_Acc_Count_reg[16]_LDC) is unused and will be removed from module Top_level.
WARNING: [Synth 8-3332] Sequential element (uart/int/aux_Acc_Count_reg[16]_C) is unused and will be removed from module Top_level.
WARNING: [Synth 8-3332] Sequential element (uart/int/aux_Acc_Count_reg[15]_LDC) is unused and will be removed from module Top_level.
WARNING: [Synth 8-3332] Sequential element (uart/int/aux_Acc_Count_reg[15]_C) is unused and will be removed from module Top_level.
WARNING: [Synth 8-3332] Sequential element (uart/int/aux_Acc_Count_reg[14]_LDC) is unused and will be removed from module Top_level.
WARNING: [Synth 8-3332] Sequential element (uart/int/aux_Acc_Count_reg[14]_C) is unused and will be removed from module Top_level.
WARNING: [Synth 8-3332] Sequential element (uart/int/aux_Acc_Count_reg[13]_LDC) is unused and will be removed from module Top_level.
WARNING: [Synth 8-3332] Sequential element (uart/int/aux_Acc_Count_reg[13]_C) is unused and will be removed from module Top_level.
WARNING: [Synth 8-3332] Sequential element (uart/int/aux_Acc_Count_reg[12]_LDC) is unused and will be removed from module Top_level.
WARNING: [Synth 8-3332] Sequential element (uart/int/aux_Acc_Count_reg[12]_C) is unused and will be removed from module Top_level.
WARNING: [Synth 8-3332] Sequential element (uart/int/aux_Acc_Count_reg[11]_LDC) is unused and will be removed from module Top_level.
WARNING: [Synth 8-3332] Sequential element (uart/int/aux_Acc_Count_reg[11]_C) is unused and will be removed from module Top_level.
WARNING: [Synth 8-3332] Sequential element (uart/int/aux_Acc_Count_reg[10]_LDC) is unused and will be removed from module Top_level.
WARNING: [Synth 8-3332] Sequential element (uart/int/aux_Acc_Count_reg[10]_C) is unused and will be removed from module Top_level.
WARNING: [Synth 8-3332] Sequential element (uart/int/aux_Acc_Count_reg[9]_LDC) is unused and will be removed from module Top_level.
WARNING: [Synth 8-3332] Sequential element (uart/int/aux_Acc_Count_reg[9]_C) is unused and will be removed from module Top_level.
WARNING: [Synth 8-3332] Sequential element (uart/int/aux_Acc_Count_reg[8]_LDC) is unused and will be removed from module Top_level.
WARNING: [Synth 8-3332] Sequential element (uart/int/aux_Acc_Count_reg[8]_C) is unused and will be removed from module Top_level.
WARNING: [Synth 8-3332] Sequential element (uart/int/aux_Acc_Count_reg[7]_LDC) is unused and will be removed from module Top_level.
WARNING: [Synth 8-3332] Sequential element (uart/int/aux_Acc_Count_reg[7]_C) is unused and will be removed from module Top_level.
WARNING: [Synth 8-3332] Sequential element (uart/int/aux_Acc_Count_reg[6]_LDC) is unused and will be removed from module Top_level.
WARNING: [Synth 8-3332] Sequential element (uart/int/aux_Acc_Count_reg[6]_C) is unused and will be removed from module Top_level.
WARNING: [Synth 8-3332] Sequential element (uart/int/aux_Acc_Count_reg[5]_LDC) is unused and will be removed from module Top_level.
WARNING: [Synth 8-3332] Sequential element (uart/int/aux_Acc_Count_reg[5]_C) is unused and will be removed from module Top_level.
WARNING: [Synth 8-3332] Sequential element (uart/int/aux_Acc_Count_reg[4]_LDC) is unused and will be removed from module Top_level.
WARNING: [Synth 8-3332] Sequential element (uart/int/aux_Acc_Count_reg[4]_C) is unused and will be removed from module Top_level.
WARNING: [Synth 8-3332] Sequential element (uart/int/aux_Acc_Count_reg[3]_LDC) is unused and will be removed from module Top_level.
WARNING: [Synth 8-3332] Sequential element (uart/int/aux_Acc_Count_reg[3]_C) is unused and will be removed from module Top_level.
WARNING: [Synth 8-3332] Sequential element (uart/int/aux_Acc_Count_reg[2]_LDC) is unused and will be removed from module Top_level.
WARNING: [Synth 8-3332] Sequential element (uart/int/aux_Acc_Count_reg[2]_C) is unused and will be removed from module Top_level.
WARNING: [Synth 8-3332] Sequential element (uart/int/aux_Acc_Count_reg[1]_LDC) is unused and will be removed from module Top_level.
WARNING: [Synth 8-3332] Sequential element (uart/int/aux_Acc_Count_reg[1]_C) is unused and will be removed from module Top_level.
WARNING: [Synth 8-3332] Sequential element (uart/int/aux_Acc_Count_reg[0]_LDC) is unused and will be removed from module Top_level.
WARNING: [Synth 8-3332] Sequential element (uart/int/aux_Acc_Count_reg[0]_C) is unused and will be removed from module Top_level.
WARNING: [Synth 8-3332] Sequential element (uart/int/out_reg[7]_LDC) is unused and will be removed from module Top_level.
WARNING: [Synth 8-3332] Sequential element (uart/int/out_reg[7]_C) is unused and will be removed from module Top_level.
WARNING: [Synth 8-3332] Sequential element (uart/int/out_reg[6]_LDC) is unused and will be removed from module Top_level.
WARNING: [Synth 8-3332] Sequential element (uart/int/out_reg[6]_C) is unused and will be removed from module Top_level.
WARNING: [Synth 8-3332] Sequential element (uart/int/out_reg[5]_LDC) is unused and will be removed from module Top_level.
WARNING: [Synth 8-3332] Sequential element (uart/int/out_reg[5]_C) is unused and will be removed from module Top_level.
WARNING: [Synth 8-3332] Sequential element (uart/int/out_reg[4]_LDC) is unused and will be removed from module Top_level.
WARNING: [Synth 8-3332] Sequential element (uart/int/out_reg[4]_C) is unused and will be removed from module Top_level.
WARNING: [Synth 8-3332] Sequential element (uart/int/out_reg[3]_LDC) is unused and will be removed from module Top_level.
WARNING: [Synth 8-3332] Sequential element (uart/int/out_reg[3]_C) is unused and will be removed from module Top_level.
WARNING: [Synth 8-3332] Sequential element (uart/int/out_reg[2]_LDC) is unused and will be removed from module Top_level.
WARNING: [Synth 8-3332] Sequential element (uart/int/out_reg[2]_C) is unused and will be removed from module Top_level.
WARNING: [Synth 8-3332] Sequential element (uart/int/out_reg[1]_LDC) is unused and will be removed from module Top_level.
WARNING: [Synth 8-3332] Sequential element (uart/int/out_reg[1]_C) is unused and will be removed from module Top_level.
WARNING: [Synth 8-3332] Sequential element (uart/int/out_reg[0]_LDC) is unused and will be removed from module Top_level.
WARNING: [Synth 8-3332] Sequential element (uart/int/out_reg[0]_C) is unused and will be removed from module Top_level.
WARNING: [Synth 8-3332] Sequential element (uart/int/z_flag_reg_LDC) is unused and will be removed from module Top_level.
WARNING: [Synth 8-3332] Sequential element (uart/int/z_flag_reg_C) is unused and will be removed from module Top_level.
---------------------------------------------------------------------------------
Finished Cross Boundary and Area Optimization : Time (s): cpu = 00:00:14 ; elapsed = 00:00:26 . Memory (MB): peak = 1648.645 ; gain = 456.875 ; free physical = 5491 ; free virtual = 13626
---------------------------------------------------------------------------------
---------------------------------------------------------------------------------
Start ROM, RAM, DSP and Shift Register Reporting
---------------------------------------------------------------------------------

Block RAM: Preliminary Mapping  Report (see note below)
+-----------------------------+--------------+------------------------+---+---+------------------------+---+---+------------------+--------+--------+
|Module Name                  | RTL Object   | PORT A (Depth x Width) | W | R | PORT B (Depth x Width) | W | R | Ports driving FF | RAMB18 | RAMB36 | 
+-----------------------------+--------------+------------------------+---+---+------------------------+---+---+------------------+--------+--------+
|sinc_memory:                 | ram_name_reg | 2 K x 16(READ_FIRST)   | W | R |                        |   |   | Port A           | 0      | 1      | 
|sinc_memory__parameterized0: | ram_name_reg | 2 K x 16(READ_FIRST)   | W | R |                        |   |   | Port A           | 0      | 1      | 
+-----------------------------+--------------+------------------------+---+---+------------------------+---+---+------------------+--------+--------+

Note: The tale above is a preliminary report that shows the Block RAMs at the current stage of the synthesis flow. Some Block RAMs may be reimplemented as non Block RAM primitives later in the synthesis flow. Multiple instantiated Block RAMs are reported only once. 
---------------------------------------------------------------------------------
Finished ROM, RAM, DSP and Shift Register Reporting
---------------------------------------------------------------------------------
INFO: [Synth 8-4480] The timing for the instance i_10/Data_memory/ram_name_reg (implemented as a block RAM) might be sub-optimal as no optional output register could be merged into the block ram. Providing additional output register may help in improving timing.
INFO: [Synth 8-4480] The timing for the instance i_11/Program_memory/ram_name_reg (implemented as a block RAM) might be sub-optimal as no optional output register could be merged into the block ram. Providing additional output register may help in improving timing.

Report RTL Partitions: 
+-+--------------+------------+----------+
| |RTL Partition |Replication |Instances |
+-+--------------+------------+----------+
+-+--------------+------------+----------+
---------------------------------------------------------------------------------
Start Applying XDC Timing Constraints
---------------------------------------------------------------------------------
---------------------------------------------------------------------------------
Finished Applying XDC Timing Constraints : Time (s): cpu = 00:00:20 ; elapsed = 00:00:34 . Memory (MB): peak = 1648.645 ; gain = 456.875 ; free physical = 5377 ; free virtual = 13526
---------------------------------------------------------------------------------
---------------------------------------------------------------------------------
Start Timing Optimization
---------------------------------------------------------------------------------
---------------------------------------------------------------------------------
Finished Timing Optimization : Time (s): cpu = 00:00:27 ; elapsed = 00:00:41 . Memory (MB): peak = 1715.254 ; gain = 523.484 ; free physical = 5306 ; free virtual = 13457
---------------------------------------------------------------------------------
---------------------------------------------------------------------------------
Start ROM, RAM, DSP and Shift Register Reporting
---------------------------------------------------------------------------------

Block RAM: Final Mapping  Report
+-----------------------------+--------------+------------------------+---+---+------------------------+---+---+------------------+--------+--------+
|Module Name                  | RTL Object   | PORT A (Depth x Width) | W | R | PORT B (Depth x Width) | W | R | Ports driving FF | RAMB18 | RAMB36 | 
+-----------------------------+--------------+------------------------+---+---+------------------------+---+---+------------------+--------+--------+
|sinc_memory:                 | ram_name_reg | 2 K x 16(READ_FIRST)   | W | R |                        |   |   | Port A           | 0      | 1      | 
|sinc_memory__parameterized0: | ram_name_reg | 2 K x 16(READ_FIRST)   | W | R |                        |   |   | Port A           | 0      | 1      | 
+-----------------------------+--------------+------------------------+---+---+------------------------+---+---+------------------+--------+--------+

---------------------------------------------------------------------------------
Finished ROM, RAM, DSP and Shift Register Reporting
---------------------------------------------------------------------------------

Report RTL Partitions: 
+-+--------------+------------+----------+
| |RTL Partition |Replication |Instances |
+-+--------------+------------+----------+
+-+--------------+------------+----------+
---------------------------------------------------------------------------------
Start Technology Mapping
---------------------------------------------------------------------------------
INFO: [Synth 8-4480] The timing for the instance Data_memory/ram_name_reg (implemented as a block RAM) might be sub-optimal as no optional output register could be merged into the block ram. Providing additional output register may help in improving timing.
INFO: [Synth 8-4480] The timing for the instance Program_memory/ram_name_reg (implemented as a block RAM) might be sub-optimal as no optional output register could be merged into the block ram. Providing additional output register may help in improving timing.
---------------------------------------------------------------------------------
Finished Technology Mapping : Time (s): cpu = 00:00:27 ; elapsed = 00:00:42 . Memory (MB): peak = 1715.254 ; gain = 523.484 ; free physical = 5302 ; free virtual = 13452
---------------------------------------------------------------------------------

Report RTL Partitions: 
+-+--------------+------------+----------+
| |RTL Partition |Replication |Instances |
+-+--------------+------------+----------+
+-+--------------+------------+----------+
---------------------------------------------------------------------------------
Start IO Insertion
---------------------------------------------------------------------------------
---------------------------------------------------------------------------------
Start Flattening Before IO Insertion
---------------------------------------------------------------------------------
---------------------------------------------------------------------------------
Finished Flattening Before IO Insertion
---------------------------------------------------------------------------------
---------------------------------------------------------------------------------
Start Final Netlist Cleanup
---------------------------------------------------------------------------------
---------------------------------------------------------------------------------
Finished Final Netlist Cleanup
---------------------------------------------------------------------------------
---------------------------------------------------------------------------------
Finished IO Insertion : Time (s): cpu = 00:00:28 ; elapsed = 00:00:42 . Memory (MB): peak = 1715.254 ; gain = 523.484 ; free physical = 5309 ; free virtual = 13452
---------------------------------------------------------------------------------

Report Check Netlist: 
+------+------------------+-------+---------+-------+------------------+
|      |Item              |Errors |Warnings |Status |Description       |
+------+------------------+-------+---------+-------+------------------+
|1     |multi_driven_nets |      0|        0|Passed |Multi driven nets |
+------+------------------+-------+---------+-------+------------------+
---------------------------------------------------------------------------------
Start Renaming Generated Instances
---------------------------------------------------------------------------------
---------------------------------------------------------------------------------
Finished Renaming Generated Instances : Time (s): cpu = 00:00:28 ; elapsed = 00:00:42 . Memory (MB): peak = 1715.254 ; gain = 523.484 ; free physical = 5309 ; free virtual = 13452
---------------------------------------------------------------------------------

Report RTL Partitions: 
+-+--------------+------------+----------+
| |RTL Partition |Replication |Instances |
+-+--------------+------------+----------+
+-+--------------+------------+----------+
---------------------------------------------------------------------------------
Start Rebuilding User Hierarchy
---------------------------------------------------------------------------------
---------------------------------------------------------------------------------
Finished Rebuilding User Hierarchy : Time (s): cpu = 00:00:28 ; elapsed = 00:00:42 . Memory (MB): peak = 1715.254 ; gain = 523.484 ; free physical = 5309 ; free virtual = 13452
---------------------------------------------------------------------------------
---------------------------------------------------------------------------------
Start Renaming Generated Ports
---------------------------------------------------------------------------------
---------------------------------------------------------------------------------
Finished Renaming Generated Ports : Time (s): cpu = 00:00:28 ; elapsed = 00:00:42 . Memory (MB): peak = 1715.254 ; gain = 523.484 ; free physical = 5309 ; free virtual = 13452
---------------------------------------------------------------------------------
---------------------------------------------------------------------------------
Start Handling Custom Attributes
---------------------------------------------------------------------------------
---------------------------------------------------------------------------------
Finished Handling Custom Attributes : Time (s): cpu = 00:00:28 ; elapsed = 00:00:42 . Memory (MB): peak = 1715.254 ; gain = 523.484 ; free physical = 5309 ; free virtual = 13452
---------------------------------------------------------------------------------
---------------------------------------------------------------------------------
Start Renaming Generated Nets
---------------------------------------------------------------------------------
---------------------------------------------------------------------------------
Finished Renaming Generated Nets : Time (s): cpu = 00:00:28 ; elapsed = 00:00:42 . Memory (MB): peak = 1715.254 ; gain = 523.484 ; free physical = 5309 ; free virtual = 13452
---------------------------------------------------------------------------------
---------------------------------------------------------------------------------
Start Writing Synthesis Report
---------------------------------------------------------------------------------

Report BlackBoxes: 
+-+--------------+----------+
| |BlackBox name |Instances |
+-+--------------+----------+
+-+--------------+----------+

Report Cell Usage: 
+------+-----------+------+
|      |Cell       |Count |
+------+-----------+------+
|1     |BUFG       |     1|
|2     |CARRY4     |   299|
|3     |LUT1       |    77|
|4     |LUT2       |   236|
|5     |LUT3       |   866|
|6     |LUT4       |    58|
|7     |LUT5       |    72|
|8     |LUT6       |    82|
|9     |RAMB36E1   |     1|
|10    |RAMB36E1_1 |     1|
|11    |FDCE       |    68|
|12    |FDPE       |     4|
|13    |FDRE       |    61|
|14    |LD         |    16|
|15    |IBUF       |     3|
|16    |OBUF       |     2|
+------+-----------+------+

Report Instance Areas: 
+------+-----------------+----------------------------+------+
|      |Instance         |Module                      |Cells |
+------+-----------------+----------------------------+------+
|1     |top              |                            |  1847|
|2     |  Data_memory    |sinc_memory                 |     1|
|3     |  Program_memory |sinc_memory__parameterized0 |    41|
|4     |  bip            |CPU                         |    51|
|5     |    control      |ControlUnit                 |    15|
|6     |    datapath     |Datapath                    |    36|
|7     |      alu        |ALU                         |     4|
|8     |  uart           |UART                        |  1748|
|9     |    br_g         |br_generator                |    20|
|10    |    int          |interface                   |  1649|
|11    |    rx_mod       |rx_module                   |    37|
|12    |    tx_mod       |tx_module                   |    42|
+------+-----------------+----------------------------+------+
---------------------------------------------------------------------------------
Finished Writing Synthesis Report : Time (s): cpu = 00:00:28 ; elapsed = 00:00:42 . Memory (MB): peak = 1715.254 ; gain = 523.484 ; free physical = 5309 ; free virtual = 13452
---------------------------------------------------------------------------------
Synthesis finished with 0 errors, 0 critical warnings and 84 warnings.
Synthesis Optimization Runtime : Time (s): cpu = 00:00:22 ; elapsed = 00:00:27 . Memory (MB): peak = 1715.254 ; gain = 194.148 ; free physical = 5365 ; free virtual = 13508
Synthesis Optimization Complete : Time (s): cpu = 00:00:28 ; elapsed = 00:00:42 . Memory (MB): peak = 1715.262 ; gain = 523.484 ; free physical = 5365 ; free virtual = 13508
INFO: [Project 1-571] Translating synthesized netlist
INFO: [Netlist 29-17] Analyzing 320 Unisim elements for replacement
INFO: [Netlist 29-28] Unisim Transformation completed in 0 CPU seconds
WARNING: [Netlist 29-101] Netlist 'Top_level' is not ideal for floorplanning, since the cellview 'interface' contains a large number of primitives.  Please consider enabling hierarchy in synthesis if you want to do floorplanning.
INFO: [Project 1-570] Preparing netlist for logic optimization
INFO: [Opt 31-138] Pushed 0 inverter(s) to 0 load pin(s).
INFO: [Project 1-111] Unisim Transformation Summary:
  A total of 16 instances were transformed.
  LD => LDCE: 16 instances

INFO: [Common 17-83] Releasing license: Synthesis
132 Infos, 105 Warnings, 0 Critical Warnings and 0 Errors encountered.
synth_design completed successfully
synth_design: Time (s): cpu = 00:00:30 ; elapsed = 00:00:44 . Memory (MB): peak = 1715.262 ; gain = 523.578 ; free physical = 5410 ; free virtual = 13553
WARNING: [Constraints 18-5210] No constraint will be written out.
INFO: [Common 17-1381] The checkpoint '/home/sieber/Arquitectura/Arquitectura2018/TP_BIP/TP_BIP.runs/synth_1/Top_level.dcp' has been generated.
INFO: [runtcl-4] Executing : report_utilization -file Top_level_utilization_synth.rpt -pb Top_level_utilization_synth.pb
report_utilization: Time (s): cpu = 00:00:00.07 ; elapsed = 00:00:00.09 . Memory (MB): peak = 1739.266 ; gain = 0.000 ; free physical = 5407 ; free virtual = 13551
INFO: [Common 17-206] Exiting Vivado at Sat Mar 16 15:46:50 2019...
