INFO: [VRFC 10-2263] Analyzing Verilog file "/home/sieber/Arquitectura/Arquitectura2018/TP_BIP/TP_BIP.sim/sim_1/synth/func/xsim/allTest_func_synth.v" into library xil_defaultlib
INFO: [VRFC 10-311] analyzing module ALU
INFO: [VRFC 10-311] analyzing module CPU
INFO: [VRFC 10-311] analyzing module ControlUnit
INFO: [VRFC 10-311] analyzing module Data_memory
INFO: [VRFC 10-311] analyzing module Datapath
INFO: [VRFC 10-311] analyzing module Program_memory
INFO: [VRFC 10-311] analyzing module Top_level
INFO: [VRFC 10-311] analyzing module UART
INFO: [VRFC 10-311] analyzing module br_generator
INFO: [VRFC 10-311] analyzing module interface
INFO: [VRFC 10-311] analyzing module rx_module
INFO: [VRFC 10-311] analyzing module tx_module
INFO: [VRFC 10-311] analyzing module glbl
INFO: [VRFC 10-2263] Analyzing Verilog file "/home/sieber/Arquitectura/Arquitectura2018/TP_ALU/TP_ALU.srcs/sources_1/imports/TP1_FS/ALU.v" into library xil_defaultlib
INFO: [VRFC 10-311] analyzing module ALU
WARNING: [VRFC 10-2845] overwriting previous definition of module ALU [/home/sieber/Arquitectura/Arquitectura2018/TP_ALU/TP_ALU.srcs/sources_1/imports/TP1_FS/ALU.v:23]
INFO: [VRFC 10-2263] Analyzing Verilog file "/home/sieber/Arquitectura/Arquitectura2018/TP_BIP/TP_BIP.srcs/sources_1/new/CPU.v" into library xil_defaultlib
INFO: [VRFC 10-311] analyzing module CPU
WARNING: [VRFC 10-2845] overwriting previous definition of module CPU [/home/sieber/Arquitectura/Arquitectura2018/TP_BIP/TP_BIP.srcs/sources_1/new/CPU.v:23]
INFO: [VRFC 10-2263] Analyzing Verilog file "/home/sieber/Arquitectura/Arquitectura2018/TP_BIP/TP_BIP.srcs/sources_1/new/ControlUnit.v" into library xil_defaultlib
INFO: [VRFC 10-311] analyzing module ControlUnit
WARNING: [VRFC 10-2845] overwriting previous definition of module ControlUnit [/home/sieber/Arquitectura/Arquitectura2018/TP_BIP/TP_BIP.srcs/sources_1/new/ControlUnit.v:8]
INFO: [VRFC 10-2263] Analyzing Verilog file "/home/sieber/Arquitectura/Arquitectura2018/TP_BIP/TP_BIP.srcs/sources_1/new/Data_memory.v" into library xil_defaultlib
INFO: [VRFC 10-311] analyzing module Data_memory
WARNING: [VRFC 10-2845] overwriting previous definition of module Data_memory [/home/sieber/Arquitectura/Arquitectura2018/TP_BIP/TP_BIP.srcs/sources_1/new/Data_memory.v:23]
INFO: [VRFC 10-2263] Analyzing Verilog file "/home/sieber/Arquitectura/Arquitectura2018/TP_BIP/TP_BIP.srcs/sources_1/new/Datapath.v" into library xil_defaultlib
INFO: [VRFC 10-311] analyzing module Datapath
WARNING: [VRFC 10-2845] overwriting previous definition of module Datapath [/home/sieber/Arquitectura/Arquitectura2018/TP_BIP/TP_BIP.srcs/sources_1/new/Datapath.v:23]
INFO: [VRFC 10-2263] Analyzing Verilog file "/home/sieber/Arquitectura/Arquitectura2018/TP_BIP/TP_BIP.srcs/sources_1/new/Decoder.v" into library xil_defaultlib
INFO: [VRFC 10-311] analyzing module Decoder
INFO: [VRFC 10-2263] Analyzing Verilog file "/home/sieber/Arquitectura/Arquitectura2018/TP_BIP/TP_BIP.srcs/sources_1/new/interface.v" into library xil_defaultlib
INFO: [VRFC 10-311] analyzing module interface
WARNING: [VRFC 10-2845] overwriting previous definition of module interface [/home/sieber/Arquitectura/Arquitectura2018/TP_BIP/TP_BIP.srcs/sources_1/new/interface.v:3]
INFO: [VRFC 10-2263] Analyzing Verilog file "/home/sieber/Arquitectura/Arquitectura2018/TP_BIP/TP_BIP.srcs/sources_1/new/sinc_memory.v" into library xil_defaultlib
INFO: [VRFC 10-311] analyzing module Program_memory
WARNING: [VRFC 10-2845] overwriting previous definition of module Program_memory [/home/sieber/Arquitectura/Arquitectura2018/TP_BIP/TP_BIP.srcs/sources_1/new/sinc_memory.v:23]
INFO: [VRFC 10-2263] Analyzing Verilog file "/home/sieber/Arquitectura/Arquitectura2018/TP_UART/TP_UART.srcs/sim_1/new/allTest.v" into library xil_defaultlib
INFO: [VRFC 10-311] analyzing module allTest
